<?xml version="1.0" encoding="UTF-8"?>
<Site BuildName="Linux-c++"
	BuildStamp="20230401-1330-Experimental"
	Name="nicopc-HP-ProBook-6470b"
	Generator="ctest-3.16.3"
	CompilerName="/usr/bin/c++"
	CompilerVersion="9.4.0"
	OSName="Linux"
	Hostname="nicopc-HP-ProBook-6470b"
	OSRelease="5.15.0-69-generic"
	OSVersion="#76~20.04.1-Ubuntu SMP Mon Mar 20 15:54:19 UTC 2023"
	OSPlatform="x86_64"
	Is64Bits="1"
	VendorString="GenuineIntel"
	VendorID="Intel Corporation"
	FamilyID="6"
	ModelID="58"
	ProcessorCacheSize="3072"
	NumberOfLogicalCPU="4"
	NumberOfPhysicalCPU="2"
	TotalVirtualMemory="2047"
	TotalPhysicalMemory="3786"
	LogicalProcessorsPerPhysical="2"
	ProcessorClockFrequency="2019.59"
	>
	<Configure>
		<StartDateTime>Apr 01 15:30 CEST</StartDateTime>
		<StartConfigureTime>1680355832</StartConfigureTime>
		<ConfigureCommand>"/usr/bin/cmake" "/home/nicopc/Desktop/CMake_Tutorial/TUTORIAL_MAKE/tutorial05"</ConfigureCommand>
		<Log>-- Configuring done
-- Generating done
-- Build files have been written to: /home/nicopc/Desktop/CMake_Tutorial/TUTORIAL_MAKE/tutorial05/build_step5
</Log>
		<ConfigureStatus>0</ConfigureStatus>
		<EndDateTime>Apr 01 15:30 CEST</EndDateTime>
		<EndConfigureTime>1680355832</EndConfigureTime>
		<ElapsedMinutes>0</ElapsedMinutes>
	</Configure>
</Site>
