Start testing: Apr 01 15:30 CEST
----------------------------------------------------------
1/3 Testing: test25
1/3 Test: test25
Command: "/home/nicopc/Desktop/CMake_Tutorial/TUTORIAL_MAKE/tutorial05/build_step5/Tutorial" "25"
Directory: /home/nicopc/Desktop/CMake_Tutorial/TUTORIAL_MAKE/tutorial05/build_step5
"test25" start time: Apr 01 15:30 CEST
Output:
----------------------------------------------------------
12.25
Computing sqrt of 25 to be 13
Computing sqrt of 25 to be 7.46154
Computing sqrt of 25 to be 5.40603
Computing sqrt of 25 to be 5.01525
Computing sqrt of 25 to be 5.00002
Computing sqrt of 25 to be 5
Computing sqrt of 25 to be 5
Computing sqrt of 25 to be 5
Computing sqrt of 25 to be 5
Computing sqrt of 25 to be 5
The square root of 25 is 5
<end of output>
Test time =   0.00 sec
----------------------------------------------------------
Test Passed.
"test25" end time: Apr 01 15:30 CEST
"test25" time elapsed: 00:00:00
----------------------------------------------------------

2/3 Testing: usageTest
2/3 Test: usageTest
Command: "/home/nicopc/Desktop/CMake_Tutorial/TUTORIAL_MAKE/tutorial05/build_step5/Tutorial"
Directory: /home/nicopc/Desktop/CMake_Tutorial/TUTORIAL_MAKE/tutorial05/build_step5
"usageTest" start time: Apr 01 15:30 CEST
Output:
----------------------------------------------------------
/home/nicopc/Desktop/CMake_Tutorial/TUTORIAL_MAKE/tutorial05/build_step5/Tutorial Version 1.0
Usage: /home/nicopc/Desktop/CMake_Tutorial/TUTORIAL_MAKE/tutorial05/build_step5/Tutorial number
<end of output>
Test time =   0.00 sec
----------------------------------------------------------
Test Pass Reason:
Required regular expression found. Regex=[Usage:.*number]
"usageTest" end time: Apr 01 15:30 CEST
"usageTest" time elapsed: 00:00:00
----------------------------------------------------------

3/3 Testing: SquareRootCheck
3/3 Test: SquareRootCheck
Command: "/home/nicopc/Desktop/CMake_Tutorial/TUTORIAL_MAKE/tutorial05/build_step5/Tutorial" "9"
Directory: /home/nicopc/Desktop/CMake_Tutorial/TUTORIAL_MAKE/tutorial05/build_step5
"SquareRootCheck" start time: Apr 01 15:30 CEST
Output:
----------------------------------------------------------
12.25
Computing sqrt of 9 to be 5
Computing sqrt of 9 to be 3.4
Computing sqrt of 9 to be 3.02353
Computing sqrt of 9 to be 3.00009
Computing sqrt of 9 to be 3
Computing sqrt of 9 to be 3
Computing sqrt of 9 to be 3
Computing sqrt of 9 to be 3
Computing sqrt of 9 to be 3
Computing sqrt of 9 to be 3
The square root of 9 is 3
<end of output>
Test time =   0.00 sec
----------------------------------------------------------
Test Pass Reason:
Required regular expression found. Regex=[9 is 3]
"SquareRootCheck" end time: Apr 01 15:30 CEST
"SquareRootCheck" time elapsed: 00:00:00
----------------------------------------------------------

End testing: Apr 01 15:30 CEST
